This is pdfTeX, Version 3.141592653-2.6-1.40.25 (TeX Live 2023/Homebrew) (preloaded format=pdflatex 2023.6.22)  21 DEC 2023 23:43
entering extended mode
 \write18 enabled.
 file:line:error style messages enabled.
 %&-line parsing enabled.
**/Users/filippoficarra/Documents/GitHub/Computer-Vision/Labs/lab7/report/report.tex
(/Users/filippoficarra/Documents/GitHub/Computer-Vision/Labs/lab7/report/report.tex
LaTeX2e <2022-11-01> patch level 1
L3 programming layer <2023-02-22> (./ETHExercise.cls

LaTeX Warning: You have requested document class `ETHExercise',
               but the document class provides `ETHexercise'.

Document Class: ETHexercise 1995/03/31
(/opt/homebrew/Cellar/texlive/20230313_2/share/texmf-dist/tex/latex/base/ifthen.sty
Package: ifthen 2022/04/13 v1.1d Standard LaTeX ifthen package (DPC)
) (/opt/homebrew/Cellar/texlive/20230313_2/share/texmf-dist/tex/latex/tools/verbatim.sty
Package: verbatim 2022-07-02 v1.5u LaTeX2e package for verbatim enhancements
\every@verbatim=\toks16
\verbatim@line=\toks17
\verbatim@in@stream=\read2
) (/opt/homebrew/Cellar/texlive/20230313_2/share/texmf-dist/tex/generic/thumbpdf/thumbpdf.sty
Package: thumbpdf 2018/09/07 v3.17 Inclusion of thumbnails (HO)
THUMBPDF: Compressed PDF objects of PDF 1.5 are not supported
) (/opt/homebrew/Cellar/texlive/20230313_2/share/texmf-dist/tex/latex/base/article.cls
Document Class: article 2022/07/02 v1.4n Standard LaTeX document class
(/opt/homebrew/Cellar/texlive/20230313_2/share/texmf-dist/tex/latex/base/size10.clo
File: size10.clo 2022/07/02 v1.4n Standard LaTeX file (size option)
)
\c@part=\count185
\c@section=\count186
\c@subsection=\count187
\c@subsubsection=\count188
\c@paragraph=\count189
\c@subparagraph=\count190
\c@figure=\count191
\c@table=\count192
\abovecaptionskip=\skip48
\belowcaptionskip=\skip49
\bibindent=\dimen140
) (/opt/homebrew/Cellar/texlive/20230313_2/share/texmf-dist/tex/latex/graphics/graphicx.sty
Package: graphicx 2021/09/16 v1.2d Enhanced LaTeX Graphics (DPC,SPQR)
 (/opt/homebrew/Cellar/texlive/20230313_2/share/texmf-dist/tex/latex/graphics/keyval.sty
Package: keyval 2022/05/29 v1.15 key=value parser (DPC)
\KV@toks@=\toks18
) (/opt/homebrew/Cellar/texlive/20230313_2/share/texmf-dist/tex/latex/graphics/graphics.sty
Package: graphics 2022/03/10 v1.4e Standard LaTeX Graphics (DPC,SPQR)
 (/opt/homebrew/Cellar/texlive/20230313_2/share/texmf-dist/tex/latex/graphics/trig.sty
Package: trig 2021/08/11 v1.11 sin cos tan (DPC)
) (/opt/homebrew/Cellar/texlive/20230313_2/share/texmf-dist/tex/latex/graphics-cfg/graphics.cfg
File: graphics.cfg 2016/06/04 v1.11 sample graphics configuration
)
Package graphics Info: Driver file: pdftex.def on input line 107.
 (/opt/homebrew/Cellar/texlive/20230313_2/share/texmf-dist/tex/latex/graphics-def/pdftex.def
File: pdftex.def 2022/09/22 v1.2b Graphics/color driver for pdftex
))
\Gin@req@height=\dimen141
\Gin@req@width=\dimen142
) (./ETHheaderpath.tex)
\c@questionC=\count193
\c@subquestionC=\count194
\c@subsubquestionC=\count195
\labelwidthbak=\skip50
\leftmarginbak=\skip51
\itemindentbak=\skip52
\labelsepbak=\skip53
) (/opt/homebrew/Cellar/texlive/20230313_2/share/texmf-dist/tex/latex/hyperref/hyperref.sty
Package: hyperref 2023-02-07 v7.00v Hypertext links for LaTeX
 (/opt/homebrew/Cellar/texlive/20230313_2/share/texmf-dist/tex/generic/ltxcmds/ltxcmds.sty
Package: ltxcmds 2020-05-10 v1.25 LaTeX kernel commands for general use (HO)
) (/opt/homebrew/Cellar/texlive/20230313_2/share/texmf-dist/tex/generic/iftex/iftex.sty
Package: iftex 2022/02/03 v1.0f TeX engine tests
) (/opt/homebrew/Cellar/texlive/20230313_2/share/texmf-dist/tex/generic/pdftexcmds/pdftexcmds.sty
Package: pdftexcmds 2020-06-27 v0.33 Utility functions of pdfTeX for LuaTeX (HO)
 (/opt/homebrew/Cellar/texlive/20230313_2/share/texmf-dist/tex/generic/infwarerr/infwarerr.sty
Package: infwarerr 2019/12/03 v1.5 Providing info/warning/error messages (HO)
)
Package pdftexcmds Info: \pdf@primitive is available.
Package pdftexcmds Info: \pdf@ifprimitive is available.
Package pdftexcmds Info: \pdfdraftmode found.
) (/opt/homebrew/Cellar/texlive/20230313_2/share/texmf-dist/tex/latex/kvsetkeys/kvsetkeys.sty
Package: kvsetkeys 2022-10-05 v1.19 Key value parser (HO)
) (/opt/homebrew/Cellar/texlive/20230313_2/share/texmf-dist/tex/generic/kvdefinekeys/kvdefinekeys.sty
Package: kvdefinekeys 2019-12-19 v1.6 Define keys (HO)
) (/opt/homebrew/Cellar/texlive/20230313_2/share/texmf-dist/tex/generic/pdfescape/pdfescape.sty
Package: pdfescape 2019/12/09 v1.15 Implements pdfTeX's escape features (HO)
) (/opt/homebrew/Cellar/texlive/20230313_2/share/texmf-dist/tex/latex/hycolor/hycolor.sty
Package: hycolor 2020-01-27 v1.10 Color options for hyperref/bookmark (HO)
) (/opt/homebrew/Cellar/texlive/20230313_2/share/texmf-dist/tex/latex/letltxmacro/letltxmacro.sty
Package: letltxmacro 2019/12/03 v1.6 Let assignment for LaTeX macros (HO)
) (/opt/homebrew/Cellar/texlive/20230313_2/share/texmf-dist/tex/latex/auxhook/auxhook.sty
Package: auxhook 2019-12-17 v1.6 Hooks for auxiliary files (HO)
) (/opt/homebrew/Cellar/texlive/20230313_2/share/texmf-dist/tex/latex/hyperref/nameref.sty
Package: nameref 2022-05-17 v2.50 Cross-referencing by name of section
 (/opt/homebrew/Cellar/texlive/20230313_2/share/texmf-dist/tex/latex/refcount/refcount.sty
Package: refcount 2019/12/15 v3.6 Data extraction from label references (HO)
) (/opt/homebrew/Cellar/texlive/20230313_2/share/texmf-dist/tex/generic/gettitlestring/gettitlestring.sty
Package: gettitlestring 2019/12/15 v1.6 Cleanup title references (HO)
 (/opt/homebrew/Cellar/texlive/20230313_2/share/texmf-dist/tex/latex/kvoptions/kvoptions.sty
Package: kvoptions 2022-06-15 v3.15 Key value format for package options (HO)
))
\c@section@level=\count196
)
\@linkdim=\dimen143
\Hy@linkcounter=\count197
\Hy@pagecounter=\count198
 (/opt/homebrew/Cellar/texlive/20230313_2/share/texmf-dist/tex/latex/hyperref/pd1enc.def
File: pd1enc.def 2023-02-07 v7.00v Hyperref: PDFDocEncoding definition (HO)
Now handling font encoding PD1 ...
... no UTF-8 mapping file for font encoding PD1
) (/opt/homebrew/Cellar/texlive/20230313_2/share/texmf-dist/tex/generic/intcalc/intcalc.sty
Package: intcalc 2019/12/15 v1.3 Expandable calculations with integers (HO)
) (/opt/homebrew/Cellar/texlive/20230313_2/share/texmf-dist/tex/generic/etexcmds/etexcmds.sty
Package: etexcmds 2019/12/15 v1.7 Avoid name clashes with e-TeX commands (HO)
)
\Hy@SavedSpaceFactor=\count199
 (/opt/homebrew/Cellar/texlive/20230313_2/share/texmf-dist/tex/latex/hyperref/puenc.def
File: puenc.def 2023-02-07 v7.00v Hyperref: PDF Unicode definition (HO)
Now handling font encoding PU ...
... no UTF-8 mapping file for font encoding PU
)
Package hyperref Info: Hyper figures OFF on input line 4177.
Package hyperref Info: Link nesting OFF on input line 4182.
Package hyperref Info: Hyper index ON on input line 4185.
Package hyperref Info: Plain pages OFF on input line 4192.
Package hyperref Info: Backreferencing OFF on input line 4197.
Package hyperref Info: Implicit mode ON; LaTeX internals redefined.
Package hyperref Info: Bookmarks ON on input line 4425.
\c@Hy@tempcnt=\count266
 (/opt/homebrew/Cellar/texlive/20230313_2/share/texmf-dist/tex/latex/url/url.sty
\Urlmuskip=\muskip16
Package: url 2013/09/16  ver 3.4  Verb mode for urls, etc.
)
LaTeX Info: Redefining \url on input line 4763.
\XeTeXLinkMargin=\dimen144
 (/opt/homebrew/Cellar/texlive/20230313_2/share/texmf-dist/tex/generic/bitset/bitset.sty
Package: bitset 2019/12/09 v1.3 Handle bit-vector datatype (HO)
 (/opt/homebrew/Cellar/texlive/20230313_2/share/texmf-dist/tex/generic/bigintcalc/bigintcalc.sty
Package: bigintcalc 2019/12/15 v1.5 Expandable calculations on big integers (HO)
))
\Fld@menulength=\count267
\Field@Width=\dimen145
\Fld@charsize=\dimen146
Package hyperref Info: Hyper figures OFF on input line 6042.
Package hyperref Info: Link nesting OFF on input line 6047.
Package hyperref Info: Hyper index ON on input line 6050.
Package hyperref Info: backreferencing OFF on input line 6057.
Package hyperref Info: Link coloring OFF on input line 6062.
Package hyperref Info: Link coloring with OCG OFF on input line 6067.
Package hyperref Info: PDF/A mode OFF on input line 6072.
 (/opt/homebrew/Cellar/texlive/20230313_2/share/texmf-dist/tex/latex/base/atbegshi-ltx.sty
Package: atbegshi-ltx 2021/01/10 v1.0c Emulation of the original atbegshi
package with kernel methods
)
\Hy@abspage=\count268
\c@Item=\count269
\c@Hfootnote=\count270
)
Package hyperref Info: Driver (autodetected): hpdftex.
 (/opt/homebrew/Cellar/texlive/20230313_2/share/texmf-dist/tex/latex/hyperref/hpdftex.def
File: hpdftex.def 2023-02-07 v7.00v Hyperref driver for pdfTeX
 (/opt/homebrew/Cellar/texlive/20230313_2/share/texmf-dist/tex/latex/base/atveryend-ltx.sty
Package: atveryend-ltx 2020/08/19 v1.0a Emulation of the original atveryend package
with kernel methods
)
\Fld@listcount=\count271
\c@bookmark@seq@number=\count272
 (/opt/homebrew/Cellar/texlive/20230313_2/share/texmf-dist/tex/latex/rerunfilecheck/rerunfilecheck.sty
Package: rerunfilecheck 2022-07-10 v1.10 Rerun checks for auxiliary files (HO)
 (/opt/homebrew/Cellar/texlive/20230313_2/share/texmf-dist/tex/generic/uniquecounter/uniquecounter.sty
Package: uniquecounter 2019/12/15 v1.4 Provide unlimited unique counter (HO)
)
Package uniquecounter Info: New unique counter `rerunfilecheck' on input line 285.
)
\Hy@SectionHShift=\skip54
) (/opt/homebrew/Cellar/texlive/20230313_2/share/texmf-dist/tex/latex/enumitem/enumitem.sty
Package: enumitem 2019/06/20 v3.9 Customized lists
\labelindent=\skip55
\enit@outerparindent=\dimen147
\enit@toks=\toks19
\enit@inbox=\box51
\enit@count@id=\count273
\enitdp@description=\count274
) (/opt/homebrew/Cellar/texlive/20230313_2/share/texmf-dist/tex/latex/listings/listings.sty
\lst@mode=\count275
\lst@gtempboxa=\box52
\lst@token=\toks20
\lst@length=\count276
\lst@currlwidth=\dimen148
\lst@column=\count277
\lst@pos=\count278
\lst@lostspace=\dimen149
\lst@width=\dimen150
\lst@newlines=\count279
\lst@lineno=\count280
\lst@maxwidth=\dimen151
 (/opt/homebrew/Cellar/texlive/20230313_2/share/texmf-dist/tex/latex/listings/lstmisc.sty
File: lstmisc.sty 2023/02/27 1.9 (Carsten Heinz)
\c@lstnumber=\count281
\lst@skipnumbers=\count282
\lst@framebox=\box53
) (/opt/homebrew/Cellar/texlive/20230313_2/share/texmf-dist/tex/latex/listings/listings.cfg
File: listings.cfg 2023/02/27 1.9 listings configuration
))
Package: listings 2023/02/27 1.9 (Carsten Heinz)
 (/opt/homebrew/Cellar/texlive/20230313_2/share/texmf-dist/tex/latex/xcolor/xcolor.sty
Package: xcolor 2022/06/12 v2.14 LaTeX color extensions (UK)
 (/opt/homebrew/Cellar/texlive/20230313_2/share/texmf-dist/tex/latex/graphics-cfg/color.cfg
File: color.cfg 2016/01/02 v1.6 sample color configuration
)
Package xcolor Info: Driver file: pdftex.def on input line 227.
 (/opt/homebrew/Cellar/texlive/20230313_2/share/texmf-dist/tex/latex/graphics/mathcolor.ltx)
Package xcolor Info: Model `cmy' substituted by `cmy0' on input line 1353.
Package xcolor Info: Model `hsb' substituted by `rgb' on input line 1357.
Package xcolor Info: Model `RGB' extended on input line 1369.
Package xcolor Info: Model `HTML' substituted by `rgb' on input line 1371.
Package xcolor Info: Model `Hsb' substituted by `hsb' on input line 1372.
Package xcolor Info: Model `tHsb' substituted by `hsb' on input line 1373.
Package xcolor Info: Model `HSB' substituted by `hsb' on input line 1374.
Package xcolor Info: Model `Gray' substituted by `gray' on input line 1375.
Package xcolor Info: Model `wave' substituted by `hsb' on input line 1376.
) (/opt/homebrew/Cellar/texlive/20230313_2/share/texmf-dist/tex/latex/float/float.sty
Package: float 2001/11/08 v1.3d Float enhancements (AL)
\c@float@type=\count283
\float@exts=\toks21
\float@box=\box54
\@float@everytoks=\toks22
\@floatcapt=\box55
) (/opt/homebrew/Cellar/texlive/20230313_2/share/texmf-dist/tex/latex/subfig/subfig.sty
Package: subfig 2005/06/28 ver: 1.3 subfig package
 (/opt/homebrew/Cellar/texlive/20230313_2/share/texmf-dist/tex/latex/caption/caption.sty
Package: caption 2023/03/12 v3.6j Customizing captions (AR)
 (/opt/homebrew/Cellar/texlive/20230313_2/share/texmf-dist/tex/latex/caption/caption3.sty
Package: caption3 2023/03/12 v2.4 caption3 kernel (AR)
\caption@tempdima=\dimen152
\captionmargin=\dimen153
\caption@leftmargin=\dimen154
\caption@rightmargin=\dimen155
\caption@width=\dimen156
\caption@indent=\dimen157
\caption@parindent=\dimen158
\caption@hangindent=\dimen159
Package caption Info: Standard document class detected.
)
\c@caption@flags=\count284
\c@continuedfloat=\count285
Package caption Info: float package is loaded.
Package caption Info: hyperref package is loaded.
Package caption Info: listings package is loaded.
)
\c@KVtest=\count286
\sf@farskip=\skip56
\sf@captopadj=\dimen160
\sf@capskip=\skip57
\sf@nearskip=\skip58
\c@subfigure=\count287
\c@subfigure@save=\count288
\c@lofdepth=\count289
\c@subtable=\count290
\c@subtable@save=\count291
\c@lotdepth=\count292
\sf@top=\skip59
\sf@bottom=\skip60
) (/opt/homebrew/Cellar/texlive/20230313_2/share/texmf-dist/tex/latex/adjustbox/adjustbox.sty
Package: adjustbox 2022/10/17 v1.3a Adjusting TeX boxes (trim, clip, ...)
 (/opt/homebrew/Cellar/texlive/20230313_2/share/texmf-dist/tex/latex/xkeyval/xkeyval.sty
Package: xkeyval 2022/06/16 v2.9 package option processing (HA)
 (/opt/homebrew/Cellar/texlive/20230313_2/share/texmf-dist/tex/generic/xkeyval/xkeyval.tex (/opt/homebrew/Cellar/texlive/20230313_2/share/texmf-dist/tex/generic/xkeyval/xkvutils.tex
\XKV@toks=\toks23
\XKV@tempa@toks=\toks24
)
\XKV@depth=\count293
File: xkeyval.tex 2014/12/03 v2.7a key=value parser (HA)
)) (/opt/homebrew/Cellar/texlive/20230313_2/share/texmf-dist/tex/latex/adjustbox/adjcalc.sty
Package: adjcalc 2012/05/16 v1.1 Provides advanced setlength with multiple back-ends (calc, etex, pgfmath)
) (/opt/homebrew/Cellar/texlive/20230313_2/share/texmf-dist/tex/latex/adjustbox/trimclip.sty
Package: trimclip 2020/08/19 v1.2 Trim and clip general TeX material
 (/opt/homebrew/Cellar/texlive/20230313_2/share/texmf-dist/tex/latex/collectbox/collectbox.sty
Package: collectbox 2022/10/17 v0.4c Collect macro arguments as boxes
\collectedbox=\box56
)
\tc@llx=\dimen161
\tc@lly=\dimen162
\tc@urx=\dimen163
\tc@ury=\dimen164
Package trimclip Info: Using driver 'tc-pdftex.def'.
 (/opt/homebrew/Cellar/texlive/20230313_2/share/texmf-dist/tex/latex/adjustbox/tc-pdftex.def
File: tc-pdftex.def 2019/01/04 v2.2 Clipping driver for pdftex
))
\adjbox@Width=\dimen165
\adjbox@Height=\dimen166
\adjbox@Depth=\dimen167
\adjbox@Totalheight=\dimen168
\adjbox@pwidth=\dimen169
\adjbox@pheight=\dimen170
\adjbox@pdepth=\dimen171
\adjbox@ptotalheight=\dimen172
 (/opt/homebrew/Cellar/texlive/20230313_2/share/texmf-dist/tex/latex/ifoddpage/ifoddpage.sty
Package: ifoddpage 2022/10/18 v1.2 Conditionals for odd/even page detection
\c@checkoddpage=\count294
) (/opt/homebrew/Cellar/texlive/20230313_2/share/texmf-dist/tex/latex/varwidth/varwidth.sty
Package: varwidth 2009/03/30 ver 0.92;  Variable-width minipages
\@vwid@box=\box57
\sift@deathcycles=\count295
\@vwid@loff=\dimen173
\@vwid@roff=\dimen174
)) (/opt/homebrew/Cellar/texlive/20230313_2/share/texmf-dist/tex/latex/geometry/geometry.sty
Package: geometry 2020/01/02 v5.9 Page Geometry
 (/opt/homebrew/Cellar/texlive/20230313_2/share/texmf-dist/tex/generic/iftex/ifvtex.sty
Package: ifvtex 2019/10/25 v1.7 ifvtex legacy package. Use iftex instead.
)
\Gm@cnth=\count296
\Gm@cntv=\count297
\c@Gm@tempcnt=\count298
\Gm@bindingoffset=\dimen175
\Gm@wd@mp=\dimen176
\Gm@odd@mp=\dimen177
\Gm@even@mp=\dimen178
\Gm@layoutwidth=\dimen179
\Gm@layoutheight=\dimen180
\Gm@layouthoffset=\dimen181
\Gm@layoutvoffset=\dimen182
\Gm@dimlist=\toks25
) (/opt/homebrew/Cellar/texlive/20230313_2/share/texmf-dist/tex/latex/fancyhdr/fancyhdr.sty
Package: fancyhdr 2022/11/09 v4.1 Extensive control of page headers and footers
\f@nch@headwidth=\skip61
\f@nch@O@elh=\skip62
\f@nch@O@erh=\skip63
\f@nch@O@olh=\skip64
\f@nch@O@orh=\skip65
\f@nch@O@elf=\skip66
\f@nch@O@erf=\skip67
\f@nch@O@olf=\skip68
\f@nch@O@orf=\skip69
) (/opt/homebrew/Cellar/texlive/20230313_2/share/texmf-dist/tex/latex/capt-of/capt-of.sty
Package: capt-of 2009/12/29 v0.2 standard captions outside of floats
) (/opt/homebrew/Cellar/texlive/20230313_2/share/texmf-dist/tex/latex/tools/tabularx.sty
Package: tabularx 2020/01/15 v2.11c `tabularx' package (DPC)
 (/opt/homebrew/Cellar/texlive/20230313_2/share/texmf-dist/tex/latex/tools/array.sty
Package: array 2022/09/04 v2.5g Tabular extension package (FMi)
\col@sep=\dimen183
\ar@mcellbox=\box58
\extrarowheight=\dimen184
\NC@list=\toks26
\extratabsurround=\skip70
\backup@length=\skip71
\ar@cellbox=\box59
)
\TX@col@width=\dimen185
\TX@old@table=\dimen186
\TX@old@col=\dimen187
\TX@target=\dimen188
\TX@delta=\dimen189
\TX@cols=\count299
\TX@ftn=\toks27
) (/opt/homebrew/Cellar/texlive/20230313_2/share/texmf-dist/tex/latex/tools/bm.sty
Package: bm 2022/01/05 v1.2f Bold Symbol Support (DPC/FMi)
\symboldoperators=\mathgroup4
\symboldletters=\mathgroup5
\symboldsymbols=\mathgroup6
Package bm Info: No bold for \OMX/cmex/m/n, using \pmb.
LaTeX Font Info:    Redeclaring math alphabet \mathbf on input line 149.
) (/opt/homebrew/Cellar/texlive/20230313_2/share/texmf-dist/tex/latex/amsmath/amsmath.sty
Package: amsmath 2022/04/08 v2.17n AMS math features
\@mathmargin=\skip72

For additional information on amsmath, use the `?' option.
(/opt/homebrew/Cellar/texlive/20230313_2/share/texmf-dist/tex/latex/amsmath/amstext.sty
Package: amstext 2021/08/26 v2.01 AMS text
 (/opt/homebrew/Cellar/texlive/20230313_2/share/texmf-dist/tex/latex/amsmath/amsgen.sty
File: amsgen.sty 1999/11/30 v2.0 generic functions
\@emptytoks=\toks28
\ex@=\dimen190
)) (/opt/homebrew/Cellar/texlive/20230313_2/share/texmf-dist/tex/latex/amsmath/amsbsy.sty
Package: amsbsy 1999/11/29 v1.2d Bold Symbols
LaTeX Info: Redefining \boldsymbol on input line 28.
\pmbraise@=\dimen191
) (/opt/homebrew/Cellar/texlive/20230313_2/share/texmf-dist/tex/latex/amsmath/amsopn.sty
Package: amsopn 2022/04/08 v2.04 operator names
)
\inf@bad=\count300
LaTeX Info: Redefining \frac on input line 234.
\uproot@=\count301
\leftroot@=\count302
LaTeX Info: Redefining \overline on input line 399.
LaTeX Info: Redefining \colon on input line 410.
\classnum@=\count303
\DOTSCASE@=\count304
LaTeX Info: Redefining \ldots on input line 496.
LaTeX Info: Redefining \dots on input line 499.
LaTeX Info: Redefining \cdots on input line 620.
\Mathstrutbox@=\box60
\strutbox@=\box61
LaTeX Info: Redefining \big on input line 722.
LaTeX Info: Redefining \Big on input line 723.
LaTeX Info: Redefining \bigg on input line 724.
LaTeX Info: Redefining \Bigg on input line 725.
\big@size=\dimen192
LaTeX Font Info:    Redeclaring font encoding OML on input line 743.
LaTeX Font Info:    Redeclaring font encoding OMS on input line 744.
\macc@depth=\count305
LaTeX Info: Redefining \bmod on input line 905.
LaTeX Info: Redefining \pmod on input line 910.
LaTeX Info: Redefining \smash on input line 940.
LaTeX Info: Redefining \relbar on input line 970.
LaTeX Info: Redefining \Relbar on input line 971.
\c@MaxMatrixCols=\count306
\dotsspace@=\muskip17
\c@parentequation=\count307
\dspbrk@lvl=\count308
\tag@help=\toks29
\row@=\count309
\column@=\count310
\maxfields@=\count311
\andhelp@=\toks30
\eqnshift@=\dimen193
\alignsep@=\dimen194
\tagshift@=\dimen195
\tagwidth@=\dimen196
\totwidth@=\dimen197
\lineht@=\dimen198
\@envbody=\toks31
\multlinegap=\skip73
\multlinetaggap=\skip74
\mathdisplay@stack=\toks32
LaTeX Info: Redefining \[ on input line 2953.
LaTeX Info: Redefining \] on input line 2954.
) (/opt/homebrew/Cellar/texlive/20230313_2/share/texmf-dist/tex/latex/datetime/datetime.sty
Package: datetime 2015/03/20 v2.60 Date Time Package
 (/opt/homebrew/Cellar/texlive/20230313_2/share/texmf-dist/tex/latex/etoolbox/etoolbox.sty
Package: etoolbox 2020/10/05 v2.5k e-TeX tools for LaTeX (JAW)
\etb@tempcnta=\count312
) (/opt/homebrew/Cellar/texlive/20230313_2/share/texmf-dist/tex/latex/fmtcount/fmtcount.sty
Package: fmtcount 2020/01/30 v3.07
 (/opt/homebrew/Cellar/texlive/20230313_2/share/texmf-dist/tex/latex/fmtcount/fcprefix.sty
Package: fcprefix 2012/09/28
 (/opt/homebrew/Cellar/texlive/20230313_2/share/texmf-dist/tex/latex/fmtcount/fcnumparser.sty
Package: fcnumparser 2017/06/15
\fc@digit@counter=\count313
))
\c@padzeroesN=\count314
\fc@tmpcatcode=\count315
\@DT@modctr=\count316
\@ordinalctr=\count317
\@orgargctr=\count318
\@strctr=\count319
\@tmpstrctr=\count320
\@DT@loopN=\count321
\@DT@X=\count322
) (/opt/homebrew/Cellar/texlive/20230313_2/share/texmf-dist/tex/latex/datetime/datetime-defaults.sty
Package: datetime-defaults 2013/09/10
)
\@day=\count323
\@month=\count324
\@year=\count325
\c@HOUR=\count326
\c@HOURXII=\count327
\c@MINUTE=\count328
\c@TOHOUR=\count329
\c@TOMINUTE=\count330
\c@SECOND=\count331
\currenthour=\count332
\currentminute=\count333
\currentsecond=\count334
Package datetime Info: No datetime.cfg file found, using default settings on input line 308.
\@dtctr=\count335
\dayofyear=\count336
\dayofweek=\count337
LaTeX Info: Redefining \today on input line 736.
\dt@a=\toks33
\dt@b=\toks34
) (/opt/homebrew/Cellar/texlive/20230313_2/share/texmf-dist/tex/latex/caption/subcaption.sty
Package: subcaption 2023/02/19 v1.6 Sub-captions (AR)
LaTeX Info: Redefining \subref on input line 191.
Package subcaption Info: The counter `subfigure' was already defined by
(subcaption)             \newsubfloat (offered by the subfig package) on input line 239.
Package subcaption Info: The counter `subtable' was already defined by
(subcaption)             \newsubfloat (offered by the subfig package) on input line 239.
) (/opt/homebrew/Cellar/texlive/20230313_2/share/texmf-dist/tex/latex/algorithm2e/algorithm2e.sty
Package: algorithm2e 2017/07/18 v5.2 algorithms environments
\c@AlgoLine=\count338
\algocf@hangindent=\skip75
 (/opt/homebrew/Cellar/texlive/20230313_2/share/texmf-dist/tex/latex/tools/xspace.sty
Package: xspace 2014/10/28 v1.13 Space after command names (DPC,MH)
) (/opt/homebrew/Cellar/texlive/20230313_2/share/texmf-dist/tex/latex/relsize/relsize.sty
Package: relsize 2013/03/29 ver 4.1
)
\skiptotal=\skip76
\skiplinenumber=\skip77
\skiprule=\skip78
\skiphlne=\skip79
\skiptext=\skip80
\skiplength=\skip81
\algomargin=\skip82
\skipalgocfslide=\skip83
\algowidth=\dimen199
\inoutsize=\dimen256
\inoutindent=\dimen257
\interspacetitleruled=\dimen258
\interspacealgoruled=\dimen259
\interspacetitleboxruled=\dimen260
\algocf@ruledwidth=\skip84
\algocf@inoutbox=\box62
\algocf@inputbox=\box63
\AlCapSkip=\skip85
\AlCapHSkip=\skip86
\algoskipindent=\skip87
\algocf@nlbox=\box64
\algocf@hangingbox=\box65
\algocf@untilbox=\box66
\algocf@skipuntil=\skip88
\algocf@capbox=\box67
\algocf@lcaptionbox=\skip89
\algoheightruledefault=\skip90
\algoheightrule=\skip91
\algotitleheightruledefault=\skip92
\algotitleheightrule=\skip93
\c@algocfline=\count339
\c@algocfproc=\count340
\c@algocf=\count341
\algocf@algoframe=\box68
\algocf@algobox=\box69
) (/opt/homebrew/Cellar/texlive/20230313_2/share/texmf-dist/tex/latex/mdframed/mdframed.sty
Package: mdframed 2013/07/01 1.9b: mdframed
 (/opt/homebrew/Cellar/texlive/20230313_2/share/texmf-dist/tex/latex/l3packages/xparse/xparse.sty (/opt/homebrew/Cellar/texlive/20230313_2/share/texmf-dist/tex/latex/l3kernel/expl3.sty
Package: expl3 2023-02-22 L3 programming layer (loader) 
 (/opt/homebrew/Cellar/texlive/20230313_2/share/texmf-dist/tex/latex/l3backend/l3backend-pdftex.def
File: l3backend-pdftex.def 2023-01-16 L3 backend support: PDF output (pdfTeX)
\l__color_backend_stack_int=\count342
\l__pdf_internal_box=\box70
))
Package: xparse 2023-02-02 L3 Experimental document command parser
) (/opt/homebrew/Cellar/texlive/20230313_2/share/texmf-dist/tex/latex/zref/zref-abspage.sty
Package: zref-abspage 2022-04-07 v2.34 Module abspage for zref (HO)
 (/opt/homebrew/Cellar/texlive/20230313_2/share/texmf-dist/tex/latex/zref/zref-base.sty
Package: zref-base 2022-04-07 v2.34 Module base for zref (HO)
Package zref Info: New property list: main on input line 767.
Package zref Info: New property: default on input line 768.
Package zref Info: New property: page on input line 769.
)
\c@abspage=\count343
Package zref Info: New property: abspage on input line 65.
) (/opt/homebrew/Cellar/texlive/20230313_2/share/texmf-dist/tex/latex/needspace/needspace.sty
Package: needspace 2010/09/12 v1.3d reserve vertical space
)
\mdf@templength=\skip94
\c@mdf@globalstyle@cnt=\count344
\mdf@skipabove@length=\skip95
\mdf@skipbelow@length=\skip96
\mdf@leftmargin@length=\skip97
\mdf@rightmargin@length=\skip98
\mdf@innerleftmargin@length=\skip99
\mdf@innerrightmargin@length=\skip100
\mdf@innertopmargin@length=\skip101
\mdf@innerbottommargin@length=\skip102
\mdf@splittopskip@length=\skip103
\mdf@splitbottomskip@length=\skip104
\mdf@outermargin@length=\skip105
\mdf@innermargin@length=\skip106
\mdf@linewidth@length=\skip107
\mdf@innerlinewidth@length=\skip108
\mdf@middlelinewidth@length=\skip109
\mdf@outerlinewidth@length=\skip110
\mdf@roundcorner@length=\skip111
\mdf@footenotedistance@length=\skip112
\mdf@userdefinedwidth@length=\skip113
\mdf@needspace@length=\skip114
\mdf@frametitleaboveskip@length=\skip115
\mdf@frametitlebelowskip@length=\skip116
\mdf@frametitlerulewidth@length=\skip117
\mdf@frametitleleftmargin@length=\skip118
\mdf@frametitlerightmargin@length=\skip119
\mdf@shadowsize@length=\skip120
\mdf@extratopheight@length=\skip121
\mdf@subtitleabovelinewidth@length=\skip122
\mdf@subtitlebelowlinewidth@length=\skip123
\mdf@subtitleaboveskip@length=\skip124
\mdf@subtitlebelowskip@length=\skip125
\mdf@subtitleinneraboveskip@length=\skip126
\mdf@subtitleinnerbelowskip@length=\skip127
\mdf@subsubtitleabovelinewidth@length=\skip128
\mdf@subsubtitlebelowlinewidth@length=\skip129
\mdf@subsubtitleaboveskip@length=\skip130
\mdf@subsubtitlebelowskip@length=\skip131
\mdf@subsubtitleinneraboveskip@length=\skip132
\mdf@subsubtitleinnerbelowskip@length=\skip133
 (/opt/homebrew/Cellar/texlive/20230313_2/share/texmf-dist/tex/latex/mdframed/md-frame-0.mdf
File: md-frame-0.mdf 2013/07/01\ 1.9b: md-frame-0
)
\mdf@frametitlebox=\box71
\mdf@footnotebox=\box72
\mdf@splitbox@one=\box73
\mdf@splitbox@two=\box74
\mdf@splitbox@save=\box75
\mdfsplitboxwidth=\skip134
\mdfsplitboxtotalwidth=\skip135
\mdfsplitboxheight=\skip136
\mdfsplitboxdepth=\skip137
\mdfsplitboxtotalheight=\skip138
\mdfframetitleboxwidth=\skip139
\mdfframetitleboxtotalwidth=\skip140
\mdfframetitleboxheight=\skip141
\mdfframetitleboxdepth=\skip142
\mdfframetitleboxtotalheight=\skip143
\mdffootnoteboxwidth=\skip144
\mdffootnoteboxtotalwidth=\skip145
\mdffootnoteboxheight=\skip146
\mdffootnoteboxdepth=\skip147
\mdffootnoteboxtotalheight=\skip148
\mdftotallinewidth=\skip149
\mdfboundingboxwidth=\skip150
\mdfboundingboxtotalwidth=\skip151
\mdfboundingboxheight=\skip152
\mdfboundingboxdepth=\skip153
\mdfboundingboxtotalheight=\skip154
\mdf@freevspace@length=\skip155
\mdf@horizontalwidthofbox@length=\skip156
\mdf@verticalmarginwhole@length=\skip157
\mdf@horizontalspaceofbox=\skip158
\mdfsubtitleheight=\skip159
\mdfsubsubtitleheight=\skip160
\c@mdfcountframes=\count345

****** mdframed patching \endmdf@trivlist

****** -- success******

\mdf@envdepth=\count346
\c@mdf@env@i=\count347
\c@mdf@env@ii=\count348
\c@mdf@zref@counter=\count349
Package zref Info: New property: mdf@pagevalue on input line 895.
)
Package hyperref Info: Option `colorlinks' set `true' on input line 44.
 (/opt/homebrew/Cellar/texlive/20230313_2/share/texmf-dist/tex/latex/listings/lstlang1.sty
File: lstlang1.sty 2023/02/27 1.9 listings language file
) (/opt/homebrew/Cellar/texlive/20230313_2/share/texmf-dist/tex/latex/listings/lstmisc.sty
File: lstmisc.sty 2023/02/27 1.9 (Carsten Heinz)
) (./report.aux)
\openout1 = `report.aux'.

LaTeX Font Info:    Checking defaults for OML/cmm/m/it on input line 58.
LaTeX Font Info:    ... okay on input line 58.
LaTeX Font Info:    Checking defaults for OMS/cmsy/m/n on input line 58.
LaTeX Font Info:    ... okay on input line 58.
LaTeX Font Info:    Checking defaults for OT1/cmr/m/n on input line 58.
LaTeX Font Info:    ... okay on input line 58.
LaTeX Font Info:    Checking defaults for T1/cmr/m/n on input line 58.
LaTeX Font Info:    ... okay on input line 58.
LaTeX Font Info:    Checking defaults for TS1/cmr/m/n on input line 58.
LaTeX Font Info:    ... okay on input line 58.
LaTeX Font Info:    Checking defaults for OMX/cmex/m/n on input line 58.
LaTeX Font Info:    ... okay on input line 58.
LaTeX Font Info:    Checking defaults for U/cmr/m/n on input line 58.
LaTeX Font Info:    ... okay on input line 58.
LaTeX Font Info:    Checking defaults for PD1/pdf/m/n on input line 58.
LaTeX Font Info:    ... okay on input line 58.
LaTeX Font Info:    Checking defaults for PU/pdf/m/n on input line 58.
LaTeX Font Info:    ... okay on input line 58.
 (/opt/homebrew/Cellar/texlive/20230313_2/share/texmf-dist/tex/context/base/mkii/supp-pdf.mkii
[Loading MPS to PDF converter (version 2006.09.02).]
\scratchcounter=\count350
\scratchdimen=\dimen261
\scratchbox=\box76
\nofMPsegments=\count351
\nofMParguments=\count352
\everyMPshowfont=\toks35
\MPscratchCnt=\count353
\MPscratchDim=\dimen262
\MPnumerator=\count354
\makeMPintoPDFobject=\count355
\everyMPtoPDFconversion=\toks36
) (/opt/homebrew/Cellar/texlive/20230313_2/share/texmf-dist/tex/latex/epstopdf-pkg/epstopdf-base.sty
Package: epstopdf-base 2020-01-24 v2.11 Base part for package epstopdf
Package epstopdf-base Info: Redefining graphics rule for `.eps' on input line 485.
 (/opt/homebrew/Cellar/texlive/20230313_2/share/texmf-dist/tex/latex/latexconfig/epstopdf-sys.cfg
File: epstopdf-sys.cfg 2010/07/13 v1.3 Configuration of (r)epstopdf for TeX Live
))
Package hyperref Info: Link coloring ON on input line 58.
 (./report.out) (./report.out)
\@outlinefile=\write3
\openout3 = `report.out'.

\c@lstlisting=\count356
Package caption Info: Begin \AtBeginDocument code.
Package caption Info: subfig package v1.3 is loaded.
Package caption Info: End \AtBeginDocument code.

*geometry* driver: auto-detecting
*geometry* detected driver: pdftex
*geometry* verbose mode - [ preamble ] result:
* driver: pdftex
* paper: <default>
* layout: <same size as paper>
* layoutoffset:(h,v)=(0.0pt,0.0pt)
* modes: 
* h-part:(L,W,R)=(56.9055pt, 500.484pt, 56.9055pt)
* v-part:(T,H,B)=(56.9055pt, 681.15898pt, 56.9055pt)
* \paperwidth=614.295pt
* \paperheight=794.96999pt
* \textwidth=500.484pt
* \textheight=681.15898pt
* \oddsidemargin=-15.36449pt
* \evensidemargin=-15.36449pt
* \topmargin=-52.36449pt
* \headheight=12.0pt
* \headsep=25.0pt
* \topskip=10.0pt
* \footskip=30.0pt
* \marginparwidth=65.0pt
* \marginparsep=11.0pt
* \columnsep=10.0pt
* \skip\footins=9.0pt plus 4.0pt minus 2.0pt
* \hoffset=0.0pt
* \voffset=0.0pt
* \mag=1000
* \@twocolumnfalse
* \@twosidefalse
* \@mparswitchfalse
* \@reversemarginfalse
* (1in=72.27pt=25.4mm, 1cm=28.453pt)

(/opt/homebrew/Cellar/texlive/20230313_2/share/texmf-dist/tex/latex/fmtcount/fc-english.def
File: fc-english.def 2016/01/12
)
<./ethlogo.pdf, id=40, 192.72pt x 57.21375pt>
File: ./ethlogo.pdf Graphic file (type pdf)
<use ./ethlogo.pdf>
Package pdftex.def Info: ./ethlogo.pdf  used on input line 63.
(pdftex.def)             Requested size: 150.14671pt x 44.57414pt.

Underfull \hbox (badness 10000) in paragraph at lines 63--63

 []

LaTeX Font Info:    Font shape `OT1/cmss/m/it' in size <10> not available
(Font)              Font shape `OT1/cmss/m/sl' tried instead on input line 63.

Overfull \hbox (2.2222pt too wide) in paragraph at lines 63--63
[][]  [] 
 []

(/opt/homebrew/Cellar/texlive/20230313_2/share/texmf-dist/tex/latex/listings/lstlang1.sty
File: lstlang1.sty 2023/02/27 1.9 listings language file
)
Package hyperref Info: bookmark level for unknown lstlisting defaults to 0 on input line 85.
 [1

{/opt/homebrew/Cellar/texlive/20230313_2/share/texmf-dist/fonts/map/pdftex/updmap/pdftex.map}{/opt/homebrew/Cellar/texlive/20230313_2/share/texmf-dist/fonts/enc/dvips/cm-super/cm-super-ts1.enc} <./ethlogo.pdf>]
Overfull \hbox (72.18428pt too wide) in paragraph at lines 133--134
[][][][][][][][][][][][][][][][][][][][][][][][][][][][][][][][][][][][][][][][][][][][][][][][][] 
 []


Overfull \hbox (32.4944pt too wide) in paragraph at lines 160--161
[][][][][][][][][][][][][][][][][][][][][][][][][][][][][][] 
 []

<images/Figure_10.png, id=81, 462.528pt x 346.896pt>
File: images/Figure_10.png Graphic file (type png)
<use images/Figure_10.png>
Package pdftex.def Info: images/Figure_10.png  used on input line 175.
(pdftex.def)             Requested size: 275.2677pt x 206.46124pt.

Overfull \hbox (25.02571pt too wide) in paragraph at lines 175--176
[][] 
 []

<images/Figure_11.png, id=83, 462.528pt x 346.896pt>
File: images/Figure_11.png Graphic file (type png)
<use images/Figure_11.png>
Package pdftex.def Info: images/Figure_11.png  used on input line 178.
(pdftex.def)             Requested size: 275.2677pt x 206.46124pt.

Overfull \hbox (25.02571pt too wide) in paragraph at lines 178--179
[][] 
 []


LaTeX Warning: `!h' float specifier changed to `!ht'.

<images/Figure_1_1.png, id=84, 462.528pt x 346.896pt>
File: images/Figure_1_1.png Graphic file (type png)
<use images/Figure_1_1.png>
Package pdftex.def Info: images/Figure_1_1.png  used on input line 186.
(pdftex.def)             Requested size: 300.28961pt x 225.22565pt.

Overfull \hbox (50.04762pt too wide) in paragraph at lines 186--187
[][] 
 []

<images/Figure_1_2.png, id=85, 462.528pt x 346.896pt>
File: images/Figure_1_2.png Graphic file (type png)
<use images/Figure_1_2.png>
Package pdftex.def Info: images/Figure_1_2.png  used on input line 189.
(pdftex.def)             Requested size: 300.28961pt x 225.22565pt.

Overfull \hbox (50.04762pt too wide) in paragraph at lines 189--190
[][] 
 []

<images/Figure_1_3.png, id=86, 462.528pt x 346.896pt>
File: images/Figure_1_3.png Graphic file (type png)
<use images/Figure_1_3.png>
Package pdftex.def Info: images/Figure_1_3.png  used on input line 192.
(pdftex.def)             Requested size: 300.28961pt x 225.22565pt.

Overfull \hbox (50.04762pt too wide) in paragraph at lines 192--193
[][] 
 []


LaTeX Warning: `!h' float specifier changed to `!ht'.

[2]
<images/Figure_1.png, id=128, 462.528pt x 346.896pt>
File: images/Figure_1.png Graphic file (type png)
<use images/Figure_1.png>
Package pdftex.def Info: images/Figure_1.png  used on input line 206.
(pdftex.def)             Requested size: 250.24199pt x 187.68098pt.
<images/Figure_2.png, id=129, 462.528pt x 346.896pt>
File: images/Figure_2.png Graphic file (type png)
<use images/Figure_2.png>
Package pdftex.def Info: images/Figure_2.png  used on input line 209.
(pdftex.def)             Requested size: 250.24199pt x 187.68098pt.
<images/Figure_3.png, id=130, 462.528pt x 346.896pt>
File: images/Figure_3.png Graphic file (type png)
<use images/Figure_3.png>
Package pdftex.def Info: images/Figure_3.png  used on input line 212.
(pdftex.def)             Requested size: 250.24199pt x 187.68098pt.
<images/Figure_4.png, id=131, 462.528pt x 346.896pt>
File: images/Figure_4.png Graphic file (type png)
<use images/Figure_4.png>
Package pdftex.def Info: images/Figure_4.png  used on input line 215.
(pdftex.def)             Requested size: 250.24199pt x 187.68098pt.


LaTeX Warning: `!h' float specifier changed to `!ht'.

[3 <./images/Figure_10.png> <./images/Figure_11.png>] [4 <./images/Figure_1_1.png> <./images/Figure_1_2.png> <./images/Figure_1_3.png>] [5 <./images/Figure_1.png> <./images/Figure_2.png> <./images/Figure_3.png> <./images/Figure_4.png>]
<images/Model_fitting.png, id=186, 462.528pt x 346.896pt>
File: images/Model_fitting.png Graphic file (type png)
<use images/Model_fitting.png>
Package pdftex.def Info: images/Model_fitting.png  used on input line 295.
(pdftex.def)             Requested size: 500.484pt x 375.38313pt.


LaTeX Warning: `!h' float specifier changed to `!ht'.

[6] [7 <./images/Model_fitting.png>] (./report.aux)
Package rerunfilecheck Info: File `report.out' has not changed.
(rerunfilecheck)             Checksum: 9EBE48D10974D941A0FD5DA724903CC8;1211.
 ) 
Here is how much of TeX's memory you used:
 18567 strings out of 476025
 308316 string characters out of 5779036
 1903388 words of memory out of 5000000
 38618 multiletter control sequences out of 15000+600000
 519827 words of font info for 58 fonts, out of 8000000 for 9000
 1141 hyphenation exceptions out of 8191
 75i,12n,80p,1081b,2080s stack positions out of 10000i,1000n,20000p,200000b,200000s
</opt/homebrew/Cellar/texlive/20230313_2/share/texmf-dist/fonts/type1/public/amsfonts/cm/cmbx10.pfb></opt/homebrew/Cellar/texlive/20230313_2/share/texmf-dist/fonts/type1/public/amsfonts/cm/cmbx12.pfb></opt/homebrew/Cellar/texlive/20230313_2/share/texmf-dist/fonts/type1/public/amsfonts/cm/cmitt10.pfb></opt/homebrew/Cellar/texlive/20230313_2/share/texmf-dist/fonts/type1/public/amsfonts/cm/cmmi10.pfb></opt/homebrew/Cellar/texlive/20230313_2/share/texmf-dist/fonts/type1/public/amsfonts/cm/cmmi7.pfb></opt/homebrew/Cellar/texlive/20230313_2/share/texmf-dist/fonts/type1/public/amsfonts/cm/cmr10.pfb></opt/homebrew/Cellar/texlive/20230313_2/share/texmf-dist/fonts/type1/public/amsfonts/cm/cmr17.pfb></opt/homebrew/Cellar/texlive/20230313_2/share/texmf-dist/fonts/type1/public/amsfonts/cm/cmr7.pfb></opt/homebrew/Cellar/texlive/20230313_2/share/texmf-dist/fonts/type1/public/amsfonts/cm/cmr9.pfb></opt/homebrew/Cellar/texlive/20230313_2/share/texmf-dist/fonts/type1/public/amsfonts/cm/cmss10.pfb></opt/homebrew/Cellar/texlive/20230313_2/share/texmf-dist/fonts/type1/public/amsfonts/cm/cmssbx10.pfb></opt/homebrew/Cellar/texlive/20230313_2/share/texmf-dist/fonts/type1/public/amsfonts/cm/cmssi10.pfb></opt/homebrew/Cellar/texlive/20230313_2/share/texmf-dist/fonts/type1/public/amsfonts/cm/cmsy10.pfb></opt/homebrew/Cellar/texlive/20230313_2/share/texmf-dist/fonts/type1/public/amsfonts/cm/cmtt9.pfb></opt/homebrew/Cellar/texlive/20230313_2/share/texmf-dist/fonts/type1/public/cm-super/sfrm1000.pfb>
Output written on report.pdf (7 pages, 1095658 bytes).
PDF statistics:
 297 PDF objects out of 1000 (max. 8388607)
 234 compressed objects within 3 object streams
 113 named destinations out of 1000 (max. 500000)
 128 words of extra memory for PDF output out of 10000 (max. 10000000)

